<?xml version="1.0" encoding="UTF-8"?>
<!-- Generated by org.testng.reporters.JUnitReportReporter -->
<testsuite hostname="cruz" failures="0" tests="2" name="com.sdet.AppTest" time="0.036" errors="0" timestamp="2024-06-25T19:11:02 MST" skipped="0">
  <testcase classname="com.sdet.AppTest" name="TestLogin2" time="0.004"/>
  <testcase classname="com.sdet.AppTest" name="TestLogin1" time="0.032"/>
</testsuite> <!-- com.sdet.AppTest -->
