<?xml version="1.0" encoding="UTF-8"?>
<!-- Generated by org.testng.reporters.JUnitReportReporter -->
<testsuite hostname="cruz" failures="0" tests="1" name="myproect.AnnotationTest$annot" time="0.010" errors="0" timestamp="2024-08-23T20:28:05 MDT" skipped="0">
  <testcase classname="myproect.AnnotationTest$annot" name="lazy" time="0.010"/>
  <system-out/>
</testsuite> <!-- myproect.AnnotationTest$annot -->
