<?xml version="1.0" encoding="UTF-8"?>
<!-- Generated by org.testng.reporters.JUnitReportReporter -->
<testsuite hostname="cruz" failures="0" tests="1" name="myproect.SAUCELAB" time="26.456" errors="0" timestamp="2024-08-30T21:32:50 MDT" skipped="0">
  <testcase classname="myproect.SAUCELAB" name="login" time="26.456"/>
  <system-out/>
</testsuite> <!-- myproect.SAUCELAB -->
