<?xml version="1.0" encoding="UTF-8"?>
<!-- Generated by org.testng.reporters.JUnitReportReporter -->
<testsuite hostname="cruz" failures="0" tests="3" name="myproect.AnnotationTest" time="0.009" errors="0" timestamp="2024-08-23T20:28:05 MDT" skipped="0">
  <testcase classname="myproect.AnnotationTest" name="method2" time="0.003"/>
  <system-out/>
  <testcase classname="myproect.AnnotationTest" name="method1" time="0.002"/>
  <system-out/>
  <testcase classname="myproect.AnnotationTest" name="method3" time="0.004"/>
  <system-out/>
</testsuite> <!-- myproect.AnnotationTest -->
