<?xml version="1.0" encoding="UTF-8"?>
<!-- Generated by org.testng.reporters.JUnitReportReporter -->
<testsuite hostname="cruz" failures="0" tests="4" name="myproect.TEST1" time="11.065" errors="0" timestamp="2024-08-25T22:13:36 MDT" skipped="0">
  <testcase classname="myproect.TEST1" name="openApp" time="7.441"/>
  <system-out/>
  <testcase classname="myproect.TEST1" name="logo" time="2.099"/>
  <system-out/>
  <testcase classname="myproect.TEST1" name="login" time="1.514"/>
  <system-out/>
  <testcase classname="myproect.TEST1" name="RUN" time="0.011"/>
  <system-out/>
</testsuite> <!-- myproect.TEST1 -->
