<?xml version="1.0" encoding="UTF-8"?>
<!-- Generated by org.testng.reporters.JUnitReportReporter -->
<testsuite hostname="cruz" failures="0" tests="3" name="advencedTSTNG.DATAprovider" time="0.016" errors="0" timestamp="2024-08-24T20:17:07 MDT" skipped="0">
  <testcase classname="advencedTSTNG.DATAprovider" name="test" time="0.002"/>
  <system-out/>
  <testcase classname="advencedTSTNG.DATAprovider" name="test" time="0.002"/>
  <system-out/>
  <testcase classname="advencedTSTNG.DATAprovider" name="test" time="0.012"/>
  <system-out/>
</testsuite> <!-- advencedTSTNG.DATAprovider -->
