<?xml version="1.0" encoding="UTF-8"?>
<!-- Generated by org.testng.reporters.JUnitReportReporter -->
<testsuite hostname="cruz" failures="0" tests="6" name="datadriven.Datadriventestng" time="8.476" errors="0" timestamp="2024-06-30T13:09:24 MST" skipped="0">
  <testcase classname="datadriven.Datadriventestng" name="loginTest" time="1.329"/>
  <testcase classname="datadriven.Datadriventestng" name="loginTest" time="5.487"/>
  <testcase classname="datadriven.Datadriventestng" name="loginTest" time="0.357"/>
  <testcase classname="datadriven.Datadriventestng" name="loginTest" time="0.512"/>
  <testcase classname="datadriven.Datadriventestng" name="loginTest" time="0.408"/>
  <testcase classname="datadriven.Datadriventestng" name="loginTest" time="0.383"/>
</testsuite> <!-- datadriven.Datadriventestng -->
