<?xml version="1.0" encoding="UTF-8"?>
<!-- Generated by org.testng.reporters.JUnitReportReporter -->
<testsuite hostname="cruz" failures="0" tests="2" name="com.sdet.AppTest" time="0.024" errors="0" timestamp="2024-06-25T17:48:38 MST" skipped="0">
  <testcase classname="com.sdet.AppTest" name="TestLogin2" time="0.001"/>
  <testcase classname="com.sdet.AppTest" name="TestLogin1" time="0.023"/>
</testsuite> <!-- com.sdet.AppTest -->
